[INFO] Scanning for projects...
[INFO] 
[INFO] ------------------------< com.filmlink:backend >------------------------
[INFO] Building backend 0.0.1-SNAPSHOT
[INFO]   from pom.xml
[INFO] --------------------------------[ jar ]---------------------------------
[INFO] 
[INFO] >>> spring-boot:3.2.0:run (default-cli) > test-compile @ backend >>>
[INFO] 
[INFO] --- resources:3.3.1:resources (default-resources) @ backend ---
[INFO] Copying 2 resources from src\main\resources to target\classes
[INFO] Copying 0 resource from src\main\resources to target\classes
[INFO] 
[INFO] --- compiler:3.11.0:compile (default-compile) @ backend ---
[INFO] Nothing to compile - all classes are up to date
[INFO] 
[INFO] --- resources:3.3.1:testResources (default-testResources) @ backend ---
[INFO] Copying 1 resource from src\test\resources to target\test-classes
[INFO] 
[INFO] --- compiler:3.11.0:testCompile (default-testCompile) @ backend ---
[INFO] Nothing to compile - all classes are up to date
[INFO] 
[INFO] <<< spring-boot:3.2.0:run (default-cli) < test-compile @ backend <<<
[INFO] 
[INFO] 
[INFO] --- spring-boot:3.2.0:run (default-cli) @ backend ---
[INFO] Attaching agents: []

  .   ____          _            __ _ _
 /\\ / ___'_ __ _ _(_)_ __  __ _ \ \ \ \
( ( )\___ | '_ | '_| | '_ \/ _` | \ \ \ \
 \\/  ___)| |_)| | | | | || (_| |  ) ) ) )
  '  |____| .__|_| |_|_| |_\__, | / / / /
 =========|_|==============|___/=/_/_/_/
 :: Spring Boot ::                (v3.2.0)

2025-12-31T15:15:35.170+01:00  INFO 2988 --- [movie-recommendation-api] [           main] com.filmlink.FilmlinkApplication         : Starting FilmlinkApplication using Java 21.0.6 with PID 2988 (D:\FILMLINK\backend\backend\target\classes started by poste in D:\FILMLINK\backend\backend)
2025-12-31T15:15:35.174+01:00 DEBUG 2988 --- [movie-recommendation-api] [           main] com.filmlink.FilmlinkApplication         : Running with Spring Boot v3.2.0, Spring v6.1.1
2025-12-31T15:15:35.177+01:00  INFO 2988 --- [movie-recommendation-api] [           main] com.filmlink.FilmlinkApplication         : No active profile set, falling back to 1 default profile: "default"
2025-12-31T15:15:36.031+01:00 DEBUG 2988 --- [movie-recommendation-api] [           main] o.s.d.n.repository.config.StartupLogger  : Bootstrapping imperative Neo4j repositories based on SDN v7.2.0 with Spring Data Commons v3.2.0 and Neo4j Driver v5.13.0.
2025-12-31T15:15:36.031+01:00  INFO 2988 --- [movie-recommendation-api] [           main] .s.d.r.c.RepositoryConfigurationDelegate : Bootstrapping Spring Data Neo4j repositories in DEFAULT mode.
2025-12-31T15:15:36.227+01:00  INFO 2988 --- [movie-recommendation-api] [           main] .s.d.r.c.RepositoryConfigurationDelegate : Finished Spring Data repository scanning in 180 ms. Found 3 Neo4j repository interfaces.
2025-12-31T15:15:36.545+01:00 DEBUG 2988 --- [movie-recommendation-api] [           main] o.s.d.n.repository.config.StartupLogger  : Bootstrapping reactive Neo4j repositories based on SDN v7.2.0 with Spring Data Commons v3.2.0 and Neo4j Driver v5.13.0.
2025-12-31T15:15:36.545+01:00  INFO 2988 --- [movie-recommendation-api] [           main] .s.d.r.c.RepositoryConfigurationDelegate : Bootstrapping Spring Data Neo4j repositories in DEFAULT mode.
2025-12-31T15:15:36.560+01:00  INFO 2988 --- [movie-recommendation-api] [           main] .s.d.r.c.RepositoryConfigurationDelegate : Finished Spring Data repository scanning in 14 ms. Found 0 Neo4j repository interfaces.
2025-12-31T15:15:37.355+01:00  INFO 2988 --- [movie-recommendation-api] [           main] o.s.b.w.embedded.tomcat.TomcatWebServer  : Tomcat initialized with port 8080 (http)
2025-12-31T15:15:37.371+01:00  INFO 2988 --- [movie-recommendation-api] [           main] o.apache.catalina.core.StandardService   : Starting service [Tomcat]
2025-12-31T15:15:37.371+01:00  INFO 2988 --- [movie-recommendation-api] [           main] o.apache.catalina.core.StandardEngine    : Starting Servlet engine: [Apache Tomcat/10.1.16]
2025-12-31T15:15:37.465+01:00  INFO 2988 --- [movie-recommendation-api] [           main] o.a.c.c.C.[Tomcat].[localhost].[/]       : Initializing Spring embedded WebApplicationContext
2025-12-31T15:15:37.467+01:00  INFO 2988 --- [movie-recommendation-api] [           main] w.s.c.ServletWebServerApplicationContext : Root WebApplicationContext: initialization completed in 2189 ms
2025-12-31T15:15:37.694+01:00  INFO 2988 --- [movie-recommendation-api] [           main] o.neo4j.driver.internal.DriverFactory    : Routing driver instance 1499688007 created for server address 127.0.0.1:7687
2025-12-31T15:15:38.144+01:00 DEBUG 2988 --- [movie-recommendation-api] [           main] c.f.security.JwtAuthenticationFilter     : Filter 'jwtAuthenticationFilter' configured for use
2025-12-31T15:15:38.656+01:00  INFO 2988 --- [movie-recommendation-api] [           main] o.s.s.web.DefaultSecurityFilterChain     : Will secure any request with [org.springframework.security.web.session.DisableEncodeUrlFilter@466fedfa, org.springframework.security.web.context.request.async.WebAsyncManagerIntegrationFilter@1a7d0c9f, org.springframework.security.web.context.SecurityContextHolderFilter@5f6e2ad9, org.springframework.security.web.header.HeaderWriterFilter@416b1265, org.springframework.web.filter.CorsFilter@2b1a901d, org.springframework.security.web.authentication.logout.LogoutFilter@66e1b2a, com.filmlink.security.JwtAuthenticationFilter@74c121d4, org.springframework.security.web.savedrequest.RequestCacheAwareFilter@1cc9bd9b, org.springframework.security.web.servletapi.SecurityContextHolderAwareRequestFilter@2f471037, org.springframework.security.web.authentication.AnonymousAuthenticationFilter@11bdab37, org.springframework.security.web.session.SessionManagementFilter@10d98940, org.springframework.security.web.access.ExceptionTranslationFilter@37a3ec27, org.springframework.security.web.access.intercept.AuthorizationFilter@6e364f1f]
2025-12-31T15:15:38.998+01:00  INFO 2988 --- [movie-recommendation-api] [           main] o.s.b.w.embedded.tomcat.TomcatWebServer  : Tomcat started on port 8080 (http) with context path ''
2025-12-31T15:15:39.006+01:00  INFO 2988 --- [movie-recommendation-api] [           main] com.filmlink.FilmlinkApplication         : Started FilmlinkApplication in 4.612 seconds (process running for 5.47)
? VÚrification des donnÚes de la base...
2025-12-31T15:15:39.044+01:00 DEBUG 2988 --- [movie-recommendation-api] [           main] org.springframework.data.neo4j.cypher    : Executing:
MATCH (f:Film) WHERE f.titre CONTAINS $title RETURN f
2025-12-31T15:15:39.412+01:00 DEBUG 2988 --- [movie-recommendation-api] [           main] org.springframework.data.neo4j.cypher    : Executing:
MATCH (f:Film) WHERE f.titre CONTAINS $title RETURN f
2025-12-31T15:15:39.426+01:00 DEBUG 2988 --- [movie-recommendation-api] [           main] org.springframework.data.neo4j.cypher    : Executing:
MATCH (f:Film) WHERE f.titre CONTAINS $title RETURN f
2025-12-31T15:15:39.440+01:00 DEBUG 2988 --- [movie-recommendation-api] [           main] org.springframework.data.neo4j.cypher    : Executing:
MATCH (u:Utilisateur) WHERE u.username = $usernameOrEmail OR u.email = $usernameOrEmail RETURN u LIMIT 1
2025-12-31T15:15:39.558+01:00 DEBUG 2988 --- [movie-recommendation-api] [           main] o.s.d.n.c.t.Neo4jTransactionManager      : Creating new transaction with name [org.springframework.data.neo4j.repository.support.SimpleNeo4jRepository.save]: PROPAGATION_REQUIRED,ISOLATION_DEFAULT
2025-12-31T15:15:39.644+01:00 DEBUG 2988 --- [movie-recommendation-api] [           main] org.springframework.data.neo4j.cypher    : Executing:
OPTIONAL MATCH (hlp:`Utilisateur`) WHERE id(hlp) = $__id__ WITH hlp WHERE hlp IS NULL CREATE (user:`Utilisateur`) SET user = $__properties__ RETURN user UNION MATCH (user:`Utilisateur`) WHERE id(user) = $__id__ SET user += $__properties__ RETURN user
2025-12-31T15:15:39.655+01:00  WARN 2988 --- [movie-recommendation-api] [           main] o.s.data.neo4j.cypher.deprecation        : Neo.ClientNotification.Statement.FeatureDeprecationWarning: This feature is deprecated and will be removed in future versions.
	OPTIONAL MATCH (hlp:`Utilisateur`) WHERE id(hlp) = $__id__ WITH hlp WHERE hlp IS NULL CREATE (user:`Utilisateur`) SET user = $__properties__ RETURN user UNION MATCH (user:`Utilisateur`) WHERE id(user) = $__id__ SET user += $__properties__ RETURN user
	                                         ^
The query used a deprecated function. ('id' has been replaced by 'elementId or consider using an application-generated id')
2025-12-31T15:15:39.655+01:00  WARN 2988 --- [movie-recommendation-api] [           main] o.s.data.neo4j.cypher.deprecation        : Neo.ClientNotification.Statement.FeatureDeprecationWarning: This feature is deprecated and will be removed in future versions.
	OPTIONAL MATCH (hlp:`Utilisateur`) WHERE id(hlp) = $__id__ WITH hlp WHERE hlp IS NULL CREATE (user:`Utilisateur`) SET user = $__properties__ RETURN user UNION MATCH (user:`Utilisateur`) WHERE id(user) = $__id__ SET user += $__properties__ RETURN user
	                                                                                                                                                                                                ^
The query used a deprecated function. ('id' has been replaced by 'elementId or consider using an application-generated id')
2025-12-31T15:15:39.662+01:00 DEBUG 2988 --- [movie-recommendation-api] [           main] o.s.d.n.c.t.Neo4jTransactionManager      : Initiating transaction rollback
2025-12-31T15:15:39.670+01:00  INFO 2988 --- [movie-recommendation-api] [           main] .s.b.a.l.ConditionEvaluationReportLogger : 

Error starting ApplicationContext. To display the condition evaluation report re-run your application with 'debug' enabled.
2025-12-31T15:15:39.683+01:00 ERROR 2988 --- [movie-recommendation-api] [           main] o.s.boot.SpringApplication               : Application run failed

java.lang.IllegalStateException: Failed to execute CommandLineRunner
	at org.springframework.boot.SpringApplication.callRunner(SpringApplication.java:789) ~[spring-boot-3.2.0.jar:3.2.0]
	at org.springframework.boot.SpringApplication.lambda$callRunners$3(SpringApplication.java:770) ~[spring-boot-3.2.0.jar:3.2.0]
	at java.base/java.util.stream.ForEachOps$ForEachOp$OfRef.accept(ForEachOps.java:184) ~[na:na]
	at java.base/java.util.stream.SortedOps$SizedRefSortingSink.end(SortedOps.java:357) ~[na:na]
	at java.base/java.util.stream.AbstractPipeline.copyInto(AbstractPipeline.java:510) ~[na:na]
	at java.base/java.util.stream.AbstractPipeline.wrapAndCopyInto(AbstractPipeline.java:499) ~[na:na]
	at java.base/java.util.stream.ForEachOps$ForEachOp.evaluateSequential(ForEachOps.java:151) ~[na:na]
	at java.base/java.util.stream.ForEachOps$ForEachOp$OfRef.evaluateSequential(ForEachOps.java:174) ~[na:na]
	at java.base/java.util.stream.AbstractPipeline.evaluate(AbstractPipeline.java:234) ~[na:na]
	at java.base/java.util.stream.ReferencePipeline.forEach(ReferencePipeline.java:596) ~[na:na]
	at org.springframework.boot.SpringApplication.callRunners(SpringApplication.java:765) ~[spring-boot-3.2.0.jar:3.2.0]
	at org.springframework.boot.SpringApplication.run(SpringApplication.java:330) ~[spring-boot-3.2.0.jar:3.2.0]
	at org.springframework.boot.SpringApplication.run(SpringApplication.java:1342) ~[spring-boot-3.2.0.jar:3.2.0]
	at org.springframework.boot.SpringApplication.run(SpringApplication.java:1331) ~[spring-boot-3.2.0.jar:3.2.0]
	at com.filmlink.FilmlinkApplication.main(FilmlinkApplication.java:14) ~[classes/:na]
Caused by: java.lang.ClassCastException: Cannot cast java.lang.Long to java.lang.String
	at java.base/java.lang.Class.cast(Class.java:4067) ~[na:na]
	at com.filmlink.model.User_Accessor_sw0pj0.setProperty(Unknown Source) ~[classes/:na]
	at org.springframework.data.mapping.model.InstantiationAwarePropertyAccessor.setProperty(InstantiationAwarePropertyAccessor.java:80) ~[spring-data-commons-3.2.0.jar:3.2.0]
	at org.springframework.data.neo4j.core.TemplateSupport.setGeneratedIdIfNecessary(TemplateSupport.java:378) ~[spring-data-neo4j-7.2.0.jar:7.2.0]
	at org.springframework.data.neo4j.core.Neo4jTemplate.saveImpl(Neo4jTemplate.java:426) ~[spring-data-neo4j-7.2.0.jar:7.2.0]
	at org.springframework.data.neo4j.core.Neo4jTemplate.save(Neo4jTemplate.java:338) ~[spring-data-neo4j-7.2.0.jar:7.2.0]
	at org.springframework.data.neo4j.repository.support.SimpleNeo4jRepository.save(SimpleNeo4jRepository.java:120) ~[spring-data-neo4j-7.2.0.jar:7.2.0]
	at java.base/jdk.internal.reflect.DirectMethodHandleAccessor.invoke(DirectMethodHandleAccessor.java:103) ~[na:na]
	at java.base/java.lang.reflect.Method.invoke(Method.java:580) ~[na:na]
	at org.springframework.aop.support.AopUtils.invokeJoinpointUsingReflection(AopUtils.java:352) ~[spring-aop-6.1.1.jar:6.1.1]
	at org.springframework.data.repository.core.support.RepositoryMethodInvoker$RepositoryFragmentMethodInvoker.lambda$new$0(RepositoryMethodInvoker.java:277) ~[spring-data-commons-3.2.0.jar:3.2.0]
	at org.springframework.data.repository.core.support.RepositoryMethodInvoker.doInvoke(RepositoryMethodInvoker.java:170) ~[spring-data-commons-3.2.0.jar:3.2.0]
	at org.springframework.data.repository.core.support.RepositoryMethodInvoker.invoke(RepositoryMethodInvoker.java:158) ~[spring-data-commons-3.2.0.jar:3.2.0]
	at org.springframework.data.repository.core.support.RepositoryComposition$RepositoryFragments.invoke(RepositoryComposition.java:516) ~[spring-data-commons-3.2.0.jar:3.2.0]
	at org.springframework.data.repository.core.support.RepositoryComposition.invoke(RepositoryComposition.java:285) ~[spring-data-commons-3.2.0.jar:3.2.0]
	at org.springframework.data.repository.core.support.RepositoryFactorySupport$ImplementationMethodExecutionInterceptor.invoke(RepositoryFactorySupport.java:628) ~[spring-data-commons-3.2.0.jar:3.2.0]
	at org.springframework.aop.framework.ReflectiveMethodInvocation.proceed(ReflectiveMethodInvocation.java:184) ~[spring-aop-6.1.1.jar:6.1.1]
	at org.springframework.data.repository.core.support.QueryExecutorMethodInterceptor.doInvoke(QueryExecutorMethodInterceptor.java:168) ~[spring-data-commons-3.2.0.jar:3.2.0]
	at org.springframework.data.repository.core.support.QueryExecutorMethodInterceptor.invoke(QueryExecutorMethodInterceptor.java:143) ~[spring-data-commons-3.2.0.jar:3.2.0]
	at org.springframework.aop.framework.ReflectiveMethodInvocation.proceed(ReflectiveMethodInvocation.java:184) ~[spring-aop-6.1.1.jar:6.1.1]
	at org.springframework.data.projection.DefaultMethodInvokingMethodInterceptor.invoke(DefaultMethodInvokingMethodInterceptor.java:70) ~[spring-data-commons-3.2.0.jar:3.2.0]
	at org.springframework.aop.framework.ReflectiveMethodInvocation.proceed(ReflectiveMethodInvocation.java:184) ~[spring-aop-6.1.1.jar:6.1.1]
	at org.springframework.transaction.interceptor.TransactionInterceptor$1.proceedWithInvocation(TransactionInterceptor.java:123) ~[spring-tx-6.1.1.jar:6.1.1]
	at org.springframework.transaction.interceptor.TransactionAspectSupport.invokeWithinTransaction(TransactionAspectSupport.java:385) ~[spring-tx-6.1.1.jar:6.1.1]
	at org.springframework.transaction.interceptor.TransactionInterceptor.invoke(TransactionInterceptor.java:119) ~[spring-tx-6.1.1.jar:6.1.1]
	at org.springframework.aop.framework.ReflectiveMethodInvocation.proceed(ReflectiveMethodInvocation.java:184) ~[spring-aop-6.1.1.jar:6.1.1]
	at org.springframework.dao.support.PersistenceExceptionTranslationInterceptor.invoke(PersistenceExceptionTranslationInterceptor.java:137) ~[spring-tx-6.1.1.jar:6.1.1]
	at org.springframework.aop.framework.ReflectiveMethodInvocation.proceed(ReflectiveMethodInvocation.java:184) ~[spring-aop-6.1.1.jar:6.1.1]
	at org.springframework.aop.interceptor.ExposeInvocationInterceptor.invoke(ExposeInvocationInterceptor.java:97) ~[spring-aop-6.1.1.jar:6.1.1]
	at org.springframework.aop.framework.ReflectiveMethodInvocation.proceed(ReflectiveMethodInvocation.java:184) ~[spring-aop-6.1.1.jar:6.1.1]
	at org.springframework.aop.framework.JdkDynamicAopProxy.invoke(JdkDynamicAopProxy.java:249) ~[spring-aop-6.1.1.jar:6.1.1]
	at jdk.proxy2/jdk.proxy2.$Proxy86.save(Unknown Source) ~[na:na]
	at com.filmlink.config.DatabaseSeeder.lambda$initDatabase$0(DatabaseSeeder.java:82) ~[classes/:na]
	at org.springframework.boot.SpringApplication.callRunner(SpringApplication.java:786) ~[spring-boot-3.2.0.jar:3.2.0]
	... 14 common frames omitted

2025-12-31T15:15:39.699+01:00  INFO 2988 --- [movie-recommendation-api] [           main] o.neo4j.driver.internal.InternalDriver   : Closing driver instance 1499688007
2025-12-31T15:15:39.705+01:00  INFO 2988 --- [movie-recommendation-api] [           main] o.n.d.i.async.pool.ConnectionPoolImpl    : Closing connection pool towards 127.0.0.1:7687
[INFO] ------------------------------------------------------------------------
[INFO] BUILD FAILURE
[INFO] ------------------------------------------------------------------------
[INFO] Total time:  11.071 s
[INFO] Finished at: 2025-12-31T15:15:40+01:00
[INFO] ------------------------------------------------------------------------
[ERROR] Failed to execute goal org.springframework.boot:spring-boot-maven-plugin:3.2.0:run (default-cli) on project backend: Process terminated with exit code: 1 -> [Help 1]
[ERROR] 
[ERROR] To see the full stack trace of the errors, re-run Maven with the -e switch.
[ERROR] Re-run Maven using the -X switch to enable full debug logging.
[ERROR] 
[ERROR] For more information about the errors and possible solutions, please read the following articles:
[ERROR] [Help 1] http://cwiki.apache.org/confluence/display/MAVEN/MojoExecutionException
