[INFO] Scanning for projects...
[INFO] 
[INFO] ------------------------< com.filmlink:backend >------------------------
[INFO] Building backend 0.0.1-SNAPSHOT
[INFO]   from pom.xml
[INFO] --------------------------------[ jar ]---------------------------------
[INFO] 
[INFO] >>> spring-boot:3.2.0:run (default-cli) > test-compile @ backend >>>
[INFO] 
[INFO] --- resources:3.3.1:resources (default-resources) @ backend ---
[INFO] Copying 2 resources from src\main\resources to target\classes
[INFO] Copying 0 resource from src\main\resources to target\classes
[INFO] 
[INFO] --- compiler:3.11.0:compile (default-compile) @ backend ---
[INFO] Nothing to compile - all classes are up to date
[INFO] 
[INFO] --- resources:3.3.1:testResources (default-testResources) @ backend ---
[INFO] Copying 1 resource from src\test\resources to target\test-classes
[INFO] 
[INFO] --- compiler:3.11.0:testCompile (default-testCompile) @ backend ---
[INFO] Nothing to compile - all classes are up to date
[INFO] 
[INFO] <<< spring-boot:3.2.0:run (default-cli) < test-compile @ backend <<<
[INFO] 
[INFO] 
[INFO] --- spring-boot:3.2.0:run (default-cli) @ backend ---
[INFO] Attaching agents: []

  .   ____          _            __ _ _
 /\\ / ___'_ __ _ _(_)_ __  __ _ \ \ \ \
( ( )\___ | '_ | '_| | '_ \/ _` | \ \ \ \
 \\/  ___)| |_)| | | | | || (_| |  ) ) ) )
  '  |____| .__|_| |_|_| |_\__, | / / / /
 =========|_|==============|___/=/_/_/_/
 :: Spring Boot ::                (v3.2.0)

2025-12-31T16:23:32.225+01:00  INFO 18828 --- [movie-recommendation-api] [           main] com.filmlink.FilmlinkApplication         : Starting FilmlinkApplication using Java 21.0.6 with PID 18828 (D:\FILMLINK\backend\backend\target\classes started by poste in D:\FILMLINK\backend\backend)
2025-12-31T16:23:32.226+01:00 DEBUG 18828 --- [movie-recommendation-api] [           main] com.filmlink.FilmlinkApplication         : Running with Spring Boot v3.2.0, Spring v6.1.1
2025-12-31T16:23:32.226+01:00  INFO 18828 --- [movie-recommendation-api] [           main] com.filmlink.FilmlinkApplication         : No active profile set, falling back to 1 default profile: "default"
2025-12-31T16:23:32.844+01:00 DEBUG 18828 --- [movie-recommendation-api] [           main] o.s.d.n.repository.config.StartupLogger  : Bootstrapping imperative Neo4j repositories based on SDN v7.2.0 with Spring Data Commons v3.2.0 and Neo4j Driver v5.13.0.
2025-12-31T16:23:32.844+01:00  INFO 18828 --- [movie-recommendation-api] [           main] .s.d.r.c.RepositoryConfigurationDelegate : Bootstrapping Spring Data Neo4j repositories in DEFAULT mode.
2025-12-31T16:23:33.026+01:00  INFO 18828 --- [movie-recommendation-api] [           main] .s.d.r.c.RepositoryConfigurationDelegate : Finished Spring Data repository scanning in 166 ms. Found 3 Neo4j repository interfaces.
2025-12-31T16:23:33.256+01:00 DEBUG 18828 --- [movie-recommendation-api] [           main] o.s.d.n.repository.config.StartupLogger  : Bootstrapping reactive Neo4j repositories based on SDN v7.2.0 with Spring Data Commons v3.2.0 and Neo4j Driver v5.13.0.
2025-12-31T16:23:33.256+01:00  INFO 18828 --- [movie-recommendation-api] [           main] .s.d.r.c.RepositoryConfigurationDelegate : Bootstrapping Spring Data Neo4j repositories in DEFAULT mode.
2025-12-31T16:23:33.270+01:00  INFO 18828 --- [movie-recommendation-api] [           main] .s.d.r.c.RepositoryConfigurationDelegate : Finished Spring Data repository scanning in 10 ms. Found 0 Neo4j repository interfaces.
2025-12-31T16:23:33.821+01:00  INFO 18828 --- [movie-recommendation-api] [           main] o.s.b.w.embedded.tomcat.TomcatWebServer  : Tomcat initialized with port 8080 (http)
2025-12-31T16:23:33.826+01:00  INFO 18828 --- [movie-recommendation-api] [           main] o.apache.catalina.core.StandardService   : Starting service [Tomcat]
2025-12-31T16:23:33.826+01:00  INFO 18828 --- [movie-recommendation-api] [           main] o.apache.catalina.core.StandardEngine    : Starting Servlet engine: [Apache Tomcat/10.1.16]
2025-12-31T16:23:33.894+01:00  INFO 18828 --- [movie-recommendation-api] [           main] o.a.c.c.C.[Tomcat].[localhost].[/]       : Initializing Spring embedded WebApplicationContext
2025-12-31T16:23:33.900+01:00  INFO 18828 --- [movie-recommendation-api] [           main] w.s.c.ServletWebServerApplicationContext : Root WebApplicationContext: initialization completed in 1618 ms
2025-12-31T16:23:34.070+01:00  INFO 18828 --- [movie-recommendation-api] [           main] o.neo4j.driver.internal.DriverFactory    : Routing driver instance 1889106580 created for server address 127.0.0.1:7687
2025-12-31T16:23:34.402+01:00 DEBUG 18828 --- [movie-recommendation-api] [           main] c.f.security.JwtAuthenticationFilter     : Filter 'jwtAuthenticationFilter' configured for use
2025-12-31T16:23:34.805+01:00  INFO 18828 --- [movie-recommendation-api] [           main] o.s.s.web.DefaultSecurityFilterChain     : Will secure any request with [org.springframework.security.web.session.DisableEncodeUrlFilter@7417ef4f, org.springframework.security.web.context.request.async.WebAsyncManagerIntegrationFilter@5c0e2ec, org.springframework.security.web.context.SecurityContextHolderFilter@6233c6c2, org.springframework.security.web.header.HeaderWriterFilter@7a3643e3, org.springframework.web.filter.CorsFilter@4fa8bebb, org.springframework.security.web.authentication.logout.LogoutFilter@150f41b9, com.filmlink.security.JwtAuthenticationFilter@6793f752, org.springframework.security.web.savedrequest.RequestCacheAwareFilter@7e50eeb9, org.springframework.security.web.servletapi.SecurityContextHolderAwareRequestFilter@34cb0e49, org.springframework.security.web.authentication.AnonymousAuthenticationFilter@7d3c22a5, org.springframework.security.web.session.SessionManagementFilter@5a51336a, org.springframework.security.web.access.ExceptionTranslationFilter@48e74764, org.springframework.security.web.access.intercept.AuthorizationFilter@258a8584]
2025-12-31T16:23:35.044+01:00  INFO 18828 --- [movie-recommendation-api] [           main] o.s.b.w.embedded.tomcat.TomcatWebServer  : Tomcat started on port 8080 (http) with context path ''
2025-12-31T16:23:35.053+01:00  INFO 18828 --- [movie-recommendation-api] [           main] com.filmlink.FilmlinkApplication         : Started FilmlinkApplication in 3.324 seconds (process running for 3.729)
? VÚrification des donnÚes de la base...
2025-12-31T16:23:35.076+01:00 DEBUG 18828 --- [movie-recommendation-api] [           main] org.springframework.data.neo4j.cypher    : Executing:
MATCH (f:Film) WHERE f.titre CONTAINS $title RETURN f
2025-12-31T16:23:35.305+01:00 DEBUG 18828 --- [movie-recommendation-api] [           main] org.springframework.data.neo4j.cypher    : Executing:
MATCH (f:Film) WHERE f.titre CONTAINS $title RETURN f
2025-12-31T16:23:35.315+01:00 DEBUG 18828 --- [movie-recommendation-api] [           main] org.springframework.data.neo4j.cypher    : Executing:
MATCH (f:Film) WHERE f.titre CONTAINS $title RETURN f
2025-12-31T16:23:35.325+01:00 DEBUG 18828 --- [movie-recommendation-api] [           main] org.springframework.data.neo4j.cypher    : Executing:
MATCH (u:Utilisateur) WHERE u.username = $usernameOrEmail OR u.email = $usernameOrEmail RETURN u LIMIT 1
2025-12-31T16:23:35.420+01:00 DEBUG 18828 --- [movie-recommendation-api] [           main] o.s.d.n.c.t.Neo4jTransactionManager      : Creating new transaction with name [org.springframework.data.neo4j.repository.support.SimpleNeo4jRepository.save]: PROPAGATION_REQUIRED,ISOLATION_DEFAULT
2025-12-31T16:23:35.488+01:00 DEBUG 18828 --- [movie-recommendation-api] [           main] org.springframework.data.neo4j.cypher    : Executing:
OPTIONAL MATCH (hlp:`Utilisateur`) WHERE hlp.id = $__id__ WITH hlp WHERE hlp IS NULL CREATE (user:`Utilisateur`) WITH user SET user += $__properties__ RETURN user UNION MATCH (user:`Utilisateur`) WHERE user.id = $__id__ WITH user SET user += $__properties__ RETURN user
2025-12-31T16:23:35.495+01:00 DEBUG 18828 --- [movie-recommendation-api] [           main] org.springframework.data.neo4j.cypher    : Executing:
MATCH (startNode:`Utilisateur`)-[rel:`HAS_ROLE`]->(:`Role`) WHERE (startNode.id = $fromId AND NOT (id(rel) IN $__knownRelationShipIds__)) DELETE rel
2025-12-31T16:23:35.506+01:00  WARN 18828 --- [movie-recommendation-api] [           main] o.s.data.neo4j.cypher.deprecation        : Neo.ClientNotification.Statement.FeatureDeprecationWarning: This feature is deprecated and will be removed in future versions.
	MATCH (startNode:`Utilisateur`)-[rel:`HAS_ROLE`]->(:`Role`) WHERE (startNode.id = $fromId AND NOT (id(rel) IN $__knownRelationShipIds__)) DELETE rel
	                                                                                                   ^
The query used a deprecated function. ('id' has been replaced by 'elementId or consider using an application-generated id')
2025-12-31T16:23:35.506+01:00 DEBUG 18828 --- [movie-recommendation-api] [           main] org.springframework.data.neo4j.cypher    : Executing:
MATCH (startNode:`Utilisateur`)-[rel:`RATED`]->(:`Rating`) WHERE (startNode.id = $fromId AND NOT (id(rel) IN $__knownRelationShipIds__)) DELETE rel
2025-12-31T16:23:35.506+01:00  WARN 18828 --- [movie-recommendation-api] [           main] o.s.data.neo4j.cypher.deprecation        : Neo.ClientNotification.Statement.FeatureDeprecationWarning: This feature is deprecated and will be removed in future versions.
	MATCH (startNode:`Utilisateur`)-[rel:`RATED`]->(:`Rating`) WHERE (startNode.id = $fromId AND NOT (id(rel) IN $__knownRelationShipIds__)) DELETE rel
	                                                                                                  ^
The query used a deprecated function. ('id' has been replaced by 'elementId or consider using an application-generated id')
2025-12-31T16:23:35.521+01:00 DEBUG 18828 --- [movie-recommendation-api] [           main] org.springframework.data.neo4j.cypher    : Executing:
MATCH (startNode:`Utilisateur`)-[rel:`AIME`]->(:`Film`) WHERE (startNode.id = $fromId AND NOT (id(rel) IN $__knownRelationShipIds__)) DELETE rel
2025-12-31T16:23:35.525+01:00  WARN 18828 --- [movie-recommendation-api] [           main] o.s.data.neo4j.cypher.deprecation        : Neo.ClientNotification.Statement.FeatureDeprecationWarning: This feature is deprecated and will be removed in future versions.
	MATCH (startNode:`Utilisateur`)-[rel:`AIME`]->(:`Film`) WHERE (startNode.id = $fromId AND NOT (id(rel) IN $__knownRelationShipIds__)) DELETE rel
	                                                                                               ^
The query used a deprecated function. ('id' has been replaced by 'elementId or consider using an application-generated id')
2025-12-31T16:23:35.526+01:00 DEBUG 18828 --- [movie-recommendation-api] [           main] org.springframework.data.neo4j.cypher    : Executing:
OPTIONAL MATCH (hlp:`Film`) WHERE hlp.id = $__id__ WITH hlp WHERE hlp IS NULL CREATE (film:`Film`) WITH film SET film += $__properties__ RETURN film UNION MATCH (film:`Film`) WHERE film.id = $__id__ WITH film SET film += $__properties__ RETURN film
2025-12-31T16:23:35.536+01:00 DEBUG 18828 --- [movie-recommendation-api] [           main] org.springframework.data.neo4j.cypher    : Executing:
MATCH (startNode:`Film`)-[rel:`APPARTIENT_A`]->(:`Genre`) WHERE (startNode.id = $fromId AND NOT (id(rel) IN $__knownRelationShipIds__)) DELETE rel
2025-12-31T16:23:35.536+01:00  WARN 18828 --- [movie-recommendation-api] [           main] o.s.data.neo4j.cypher.deprecation        : Neo.ClientNotification.Statement.FeatureDeprecationWarning: This feature is deprecated and will be removed in future versions.
	MATCH (startNode:`Film`)-[rel:`APPARTIENT_A`]->(:`Genre`) WHERE (startNode.id = $fromId AND NOT (id(rel) IN $__knownRelationShipIds__)) DELETE rel
	                                                                                                 ^
The query used a deprecated function. ('id' has been replaced by 'elementId or consider using an application-generated id')
2025-12-31T16:23:35.536+01:00 DEBUG 18828 --- [movie-recommendation-api] [           main] org.springframework.data.neo4j.cypher    : Executing:
MATCH (startNode:`Film`)<-[rel:`A_JOUE`]-(:`Acteur`) WHERE (startNode.id = $fromId AND NOT (id(rel) IN $__knownRelationShipIds__)) DELETE rel
2025-12-31T16:23:35.544+01:00  WARN 18828 --- [movie-recommendation-api] [           main] o.s.data.neo4j.cypher.deprecation        : Neo.ClientNotification.Statement.FeatureDeprecationWarning: This feature is deprecated and will be removed in future versions.
	MATCH (startNode:`Film`)<-[rel:`A_JOUE`]-(:`Acteur`) WHERE (startNode.id = $fromId AND NOT (id(rel) IN $__knownRelationShipIds__)) DELETE rel
	                                                                                            ^
The query used a deprecated function. ('id' has been replaced by 'elementId or consider using an application-generated id')
2025-12-31T16:23:35.544+01:00 DEBUG 18828 --- [movie-recommendation-api] [           main] org.springframework.data.neo4j.cypher    : Executing:
MATCH (startNode:`Film`)<-[rel:`RATED`]-(:`Rating`) WHERE (startNode.id = $fromId AND NOT (id(rel) IN $__knownRelationShipIds__)) DELETE rel
2025-12-31T16:23:35.552+01:00  WARN 18828 --- [movie-recommendation-api] [           main] o.s.data.neo4j.cypher.deprecation        : Neo.ClientNotification.Statement.FeatureDeprecationWarning: This feature is deprecated and will be removed in future versions.
	MATCH (startNode:`Film`)<-[rel:`RATED`]-(:`Rating`) WHERE (startNode.id = $fromId AND NOT (id(rel) IN $__knownRelationShipIds__)) DELETE rel
	                                                                                           ^
The query used a deprecated function. ('id' has been replaced by 'elementId or consider using an application-generated id')
2025-12-31T16:23:35.552+01:00 DEBUG 18828 --- [movie-recommendation-api] [           main] org.springframework.data.neo4j.cypher    : Executing:
OPTIONAL MATCH (hlp:`Film`) WHERE hlp.id = $__id__ WITH hlp WHERE hlp IS NULL CREATE (film:`Film`) WITH film SET film += $__properties__ RETURN film UNION MATCH (film:`Film`) WHERE film.id = $__id__ WITH film SET film += $__properties__ RETURN film
2025-12-31T16:23:35.555+01:00 DEBUG 18828 --- [movie-recommendation-api] [           main] org.springframework.data.neo4j.cypher    : Executing:
MATCH (startNode:`Film`)-[rel:`APPARTIENT_A`]->(:`Genre`) WHERE (startNode.id = $fromId AND NOT (id(rel) IN $__knownRelationShipIds__)) DELETE rel
2025-12-31T16:23:35.555+01:00  WARN 18828 --- [movie-recommendation-api] [           main] o.s.data.neo4j.cypher.deprecation        : Neo.ClientNotification.Statement.FeatureDeprecationWarning: This feature is deprecated and will be removed in future versions.
	MATCH (startNode:`Film`)-[rel:`APPARTIENT_A`]->(:`Genre`) WHERE (startNode.id = $fromId AND NOT (id(rel) IN $__knownRelationShipIds__)) DELETE rel
	                                                                                                 ^
The query used a deprecated function. ('id' has been replaced by 'elementId or consider using an application-generated id')
2025-12-31T16:23:35.555+01:00 DEBUG 18828 --- [movie-recommendation-api] [           main] org.springframework.data.neo4j.cypher    : Executing:
MATCH (startNode:`Film`)<-[rel:`A_JOUE`]-(:`Acteur`) WHERE (startNode.id = $fromId AND NOT (id(rel) IN $__knownRelationShipIds__)) DELETE rel
2025-12-31T16:23:35.568+01:00  WARN 18828 --- [movie-recommendation-api] [           main] o.s.data.neo4j.cypher.deprecation        : Neo.ClientNotification.Statement.FeatureDeprecationWarning: This feature is deprecated and will be removed in future versions.
	MATCH (startNode:`Film`)<-[rel:`A_JOUE`]-(:`Acteur`) WHERE (startNode.id = $fromId AND NOT (id(rel) IN $__knownRelationShipIds__)) DELETE rel
	                                                                                            ^
The query used a deprecated function. ('id' has been replaced by 'elementId or consider using an application-generated id')
2025-12-31T16:23:35.570+01:00 DEBUG 18828 --- [movie-recommendation-api] [           main] org.springframework.data.neo4j.cypher    : Executing:
MATCH (startNode:`Film`)<-[rel:`RATED`]-(:`Rating`) WHERE (startNode.id = $fromId AND NOT (id(rel) IN $__knownRelationShipIds__)) DELETE rel
2025-12-31T16:23:35.570+01:00  WARN 18828 --- [movie-recommendation-api] [           main] o.s.data.neo4j.cypher.deprecation        : Neo.ClientNotification.Statement.FeatureDeprecationWarning: This feature is deprecated and will be removed in future versions.
	MATCH (startNode:`Film`)<-[rel:`RATED`]-(:`Rating`) WHERE (startNode.id = $fromId AND NOT (id(rel) IN $__knownRelationShipIds__)) DELETE rel
	                                                                                           ^
The query used a deprecated function. ('id' has been replaced by 'elementId or consider using an application-generated id')
2025-12-31T16:23:35.576+01:00 DEBUG 18828 --- [movie-recommendation-api] [           main] org.springframework.data.neo4j.cypher    : Executing:
UNWIND $__relationships__ AS relationship WITH relationship MATCH (startNode:`Utilisateur`) WHERE startNode.id = relationship.fromId MATCH (endNode) WHERE id(endNode) = relationship.toId MERGE (startNode)-[relProps:`AIME`]->(endNode) RETURN id(relProps) AS __elementId__
2025-12-31T16:23:35.583+01:00  WARN 18828 --- [movie-recommendation-api] [           main] o.s.data.neo4j.cypher.deprecation        : Neo.ClientNotification.Statement.FeatureDeprecationWarning: This feature is deprecated and will be removed in future versions.
	UNWIND $__relationships__ AS relationship WITH relationship MATCH (startNode:`Utilisateur`) WHERE startNode.id = relationship.fromId MATCH (endNode) WHERE id(endNode) = relationship.toId MERGE (startNode)-[relProps:`AIME`]->(endNode) RETURN id(relProps) AS __elementId__
	                                                                                                                                                           ^
The query used a deprecated function. ('id' has been replaced by 'elementId or consider using an application-generated id')
2025-12-31T16:23:35.583+01:00  WARN 18828 --- [movie-recommendation-api] [           main] o.s.data.neo4j.cypher.deprecation        : Neo.ClientNotification.Statement.FeatureDeprecationWarning: This feature is deprecated and will be removed in future versions.
	UNWIND $__relationships__ AS relationship WITH relationship MATCH (startNode:`Utilisateur`) WHERE startNode.id = relationship.fromId MATCH (endNode) WHERE id(endNode) = relationship.toId MERGE (startNode)-[relProps:`AIME`]->(endNode) RETURN id(relProps) AS __elementId__
	                                                                                                                                                                                                                                                 ^
The query used a deprecated function. ('id' has been replaced by 'elementId or consider using an application-generated id')
2025-12-31T16:23:35.583+01:00 DEBUG 18828 --- [movie-recommendation-api] [           main] o.s.d.n.c.t.Neo4jTransactionManager      : Initiating transaction commit
? DonnÚes vÚrifiÚes et mises Ó jour.
[INFO] ------------------------------------------------------------------------
[INFO] BUILD FAILURE
[INFO] ------------------------------------------------------------------------
[INFO] Total time:  08:57 min
[INFO] Finished at: 2025-12-31T16:32:26+01:00
[INFO] ------------------------------------------------------------------------
[ERROR] Failed to execute goal org.springframework.boot:spring-boot-maven-plugin:3.2.0:run (default-cli) on project backend: Process terminated with exit code: 1 -> [Help 1]
[ERROR] 
[ERROR] To see the full stack trace of the errors, re-run Maven with the -e switch.
[ERROR] Re-run Maven using the -X switch to enable full debug logging.
[ERROR] 
[ERROR] For more information about the errors and possible solutions, please read the following articles:
[ERROR] [Help 1] http://cwiki.apache.org/confluence/display/MAVEN/MojoExecutionException
